<?xml version="1.0" encoding="UTF-8"?>
<!-- Generated by org.testng.reporters.JUnitReportReporter -->
<testsuite skipped="0" hostname="Machine-102" name="com.logintestcase.Login" tests="1" failures="0" timestamp="12 Feb 2020 06:10:40 GMT" time="1.101" errors="0">
  <testcase name="loginTest" time="1.101" classname="com.logintestcase.Login"/>
</testsuite> <!-- com.logintestcase.Login -->
